<?xml version="1.0" encoding="UTF-8" ?>
<testsuite failures="0" time="2.486" errors="0" skipped="0" tests="2" name="com.sun.weld.tests.BasicQualifierTests.QualifierTest">
  <properties>
    <property name="java.runtime.name" value="Java(TM) SE Runtime Environment"/>
    <property name="sun.boot.library.path" value="/space/Sreekanth/java/jdk1.6.0_23/jre/lib/amd64"/>
    <property name="java.vm.version" value="19.0-b09"/>
    <property name="java.vm.vendor" value="Sun Microsystems Inc."/>
    <property name="java.vendor.url" value="http://java.sun.com/"/>
    <property name="path.separator" value=":"/>
    <property name="java.vm.name" value="Java HotSpot(TM) 64-Bit Server VM"/>
    <property name="file.encoding.pkg" value="sun.io"/>
    <property name="user.country" value="US"/>
    <property name="sun.java.launcher" value="SUN_STANDARD"/>
    <property name="sun.os.patch.level" value="unknown"/>
    <property name="java.vm.specification.name" value="Java Virtual Machine Specification"/>
    <property name="user.dir" value="/space1/Sreekanth/EclipseWorkspace-CDI/weld-tests/Qualifiers/BasicQualifierTests"/>
    <property name="java.runtime.version" value="1.6.0_23-b05"/>
    <property name="java.awt.graphicsenv" value="sun.awt.X11GraphicsEnvironment"/>
    <property name="basedir" value="/space1/Sreekanth/EclipseWorkspace-CDI/weld-tests/Qualifiers/BasicQualifierTests"/>
    <property name="java.endorsed.dirs" value="/space/Sreekanth/java/jdk1.6.0_23/jre/lib/endorsed"/>
    <property name="os.arch" value="amd64"/>
    <property name="surefire.real.class.path" value="/tmp/surefirebooter1873727681206045964.jar"/>
    <property name="java.io.tmpdir" value="/tmp"/>
    <property name="line.separator" value="
"/>
    <property name="java.vm.specification.vendor" value="Sun Microsystems Inc."/>
    <property name="os.name" value="Linux"/>
    <property name="sun.jnu.encoding" value="UTF-8"/>
    <property name="java.library.path" value="/space/Sreekanth/java/jdk1.6.0_23/jre/lib/amd64/server:/space/Sreekanth/java/jdk1.6.0_23/jre/lib/amd64:/space/Sreekanth/java/jdk1.6.0_23/jre/../lib/amd64:/usr/java/packages/lib/amd64:/usr/lib64:/lib64:/lib:/usr/lib"/>
    <property name="surefire.test.class.path" value="/space1/Sreekanth/EclipseWorkspace-CDI/weld-tests/Qualifiers/BasicQualifierTests/target/test-classes:/space1/Sreekanth/EclipseWorkspace-CDI/weld-tests/Qualifiers/BasicQualifierTests/target/classes:/space1/Sreekanth/.m2/repository/org/hibernate/hibernate-jpamodelgen/1.1.1.Final/hibernate-jpamodelgen-1.1.1.Final.jar:/space1/Sreekanth/.m2/repository/org/jboss/seam/solder/seam-solder/3.0.0.Final/seam-solder-3.0.0.Final.jar:/space1/Sreekanth/.m2/repository/org/jboss/weld/weld-api/1.1.Final/weld-api-1.1.Final.jar:/space1/Sreekanth/.m2/repository/javax/enterprise/cdi-api/1.0-SP3/cdi-api-1.0-SP3.jar:/space1/Sreekanth/.m2/repository/org/jboss/spec/javax/interceptor/jboss-interceptors-api_1.1_spec/1.0.0.Beta1/jboss-interceptors-api_1.1_spec-1.0.0.Beta1.jar:/space1/Sreekanth/.m2/repository/javax/annotation/jsr250-api/1.0/jsr250-api-1.0.jar:/space1/Sreekanth/.m2/repository/javax/inject/javax.inject/1/javax.inject-1.jar:/space1/Sreekanth/.m2/repository/org/hibernate/hibernate-validator/4.1.0.Final/hibernate-validator-4.1.0.Final.jar:/space1/Sreekanth/.m2/repository/javax/validation/validation-api/1.0.0.GA/validation-api-1.0.0.GA.jar:/space1/Sreekanth/.m2/repository/org/slf4j/slf4j-api/1.5.6/slf4j-api-1.5.6.jar:/space1/Sreekanth/.m2/repository/junit/junit/4.8.1/junit-4.8.1.jar:/space1/Sreekanth/.m2/repository/org/jboss/arquillian/arquillian-junit/1.0.0.Alpha5/arquillian-junit-1.0.0.Alpha5.jar:/space1/Sreekanth/.m2/repository/org/jboss/arquillian/arquillian-impl-base/1.0.0.Alpha5/arquillian-impl-base-1.0.0.Alpha5.jar:/space1/Sreekanth/.m2/repository/org/jboss/arquillian/arquillian-api/1.0.0.Alpha5/arquillian-api-1.0.0.Alpha5.jar:/space1/Sreekanth/.m2/repository/org/jboss/shrinkwrap/shrinkwrap-api/1.0.0-alpha-12/shrinkwrap-api-1.0.0-alpha-12.jar:/space1/Sreekanth/.m2/repository/org/jboss/shrinkwrap/descriptors/shrinkwrap-descriptors-api/0.1.4/shrinkwrap-descriptors-api-0.1.4.jar:/space1/Sreekanth/.m2/repository/org/jboss/arquillian/arquillian-spi/1.0.0.Alpha5/arquillian-spi-1.0.0.Alpha5.jar:/space1/Sreekanth/.m2/repository/org/jboss/shrinkwrap/shrinkwrap-impl-base/1.0.0-alpha-12/shrinkwrap-impl-base-1.0.0-alpha-12.jar:/space1/Sreekanth/.m2/repository/org/jboss/shrinkwrap/shrinkwrap-spi/1.0.0-alpha-12/shrinkwrap-spi-1.0.0-alpha-12.jar:/space1/Sreekanth/.m2/repository/org/jboss/shrinkwrap/resolver/shrinkwrap-resolver-api/1.0.0-alpha-12/shrinkwrap-resolver-api-1.0.0-alpha-12.jar:/space1/Sreekanth/.m2/repository/org/jboss/shrinkwrap/resolver/shrinkwrap-resolver-api-maven/1.0.0-alpha-12/shrinkwrap-resolver-api-maven-1.0.0-alpha-12.jar:/space1/Sreekanth/.m2/repository/org/jboss/shrinkwrap/resolver/shrinkwrap-resolver-impl-maven/1.0.0-alpha-12/shrinkwrap-resolver-impl-maven-1.0.0-alpha-12.jar:/space1/Sreekanth/.m2/repository/org/sonatype/aether/aether-api/1.8/aether-api-1.8.jar:/space1/Sreekanth/.m2/repository/org/sonatype/aether/aether-util/1.8/aether-util-1.8.jar:/space1/Sreekanth/.m2/repository/org/sonatype/aether/aether-connector-wagon/1.8/aether-connector-wagon-1.8.jar:/space1/Sreekanth/.m2/repository/org/sonatype/aether/aether-spi/1.8/aether-spi-1.8.jar:/space1/Sreekanth/.m2/repository/org/apache/maven/wagon/wagon-provider-api/1.0-beta-7/wagon-provider-api-1.0-beta-7.jar:/space1/Sreekanth/.m2/repository/org/codehaus/plexus/plexus-utils/2.0.4/plexus-utils-2.0.4.jar:/space1/Sreekanth/.m2/repository/org/codehaus/plexus/plexus-container-default/1.5.5/plexus-container-default-1.5.5.jar:/space1/Sreekanth/.m2/repository/org/codehaus/plexus/plexus-classworlds/2.2.2/plexus-classworlds-2.2.2.jar:/space1/Sreekanth/.m2/repository/org/apache/xbean/xbean-reflect/3.4/xbean-reflect-3.4.jar:/space1/Sreekanth/.m2/repository/log4j/log4j/1.2.12/log4j-1.2.12.jar:/space1/Sreekanth/.m2/repository/commons-logging/commons-logging-api/1.1/commons-logging-api-1.1.jar:/space1/Sreekanth/.m2/repository/com/google/collections/google-collections/1.0/google-collections-1.0.jar:/space1/Sreekanth/.m2/repository/org/apache/maven/maven-aether-provider/3.0.1/maven-aether-provider-3.0.1.jar:/space1/Sreekanth/.m2/repository/org/apache/maven/maven-model/3.0.1/maven-model-3.0.1.jar:/space1/Sreekanth/.m2/repository/org/apache/maven/maven-model-builder/3.0.1/maven-model-builder-3.0.1.jar:/space1/Sreekanth/.m2/repository/org/codehaus/plexus/plexus-interpolation/1.14/plexus-interpolation-1.14.jar:/space1/Sreekanth/.m2/repository/org/codehaus/plexus/plexus-component-annotations/1.5.5/plexus-component-annotations-1.5.5.jar:/space1/Sreekanth/.m2/repository/org/apache/maven/maven-repository-metadata/3.0.1/maven-repository-metadata-3.0.1.jar:/space1/Sreekanth/.m2/repository/org/sonatype/aether/aether-impl/1.8/aether-impl-1.8.jar:/space1/Sreekanth/.m2/repository/org/apache/maven/maven-settings-builder/3.0.1/maven-settings-builder-3.0.1.jar:/space1/Sreekanth/.m2/repository/org/apache/maven/maven-settings/3.0.1/maven-settings-3.0.1.jar:/space1/Sreekanth/.m2/repository/org/sonatype/plexus/plexus-sec-dispatcher/1.3/plexus-sec-dispatcher-1.3.jar:/space1/Sreekanth/.m2/repository/org/sonatype/plexus/plexus-cipher/1.4/plexus-cipher-1.4.jar:/space1/Sreekanth/.m2/repository/org/apache/maven/wagon/wagon-file/1.0-beta-7/wagon-file-1.0-beta-7.jar:/space1/Sreekanth/.m2/repository/org/apache/maven/wagon/wagon-http-lightweight/1.0-beta-7/wagon-http-lightweight-1.0-beta-7.jar:/space1/Sreekanth/.m2/repository/org/apache/maven/wagon/wagon-http-shared/1.0-beta-7/wagon-http-shared-1.0-beta-7.jar:/space1/Sreekanth/.m2/repository/commons-logging/commons-logging/1.1.1/commons-logging-1.1.1.jar:/space1/Sreekanth/.m2/repository/org/jboss/arquillian/container/arquillian-glassfish-remote-3.1/1.0.0.Alpha5/arquillian-glassfish-remote-3.1-1.0.0.Alpha5.jar:/space1/Sreekanth/.m2/repository/com/sun/jersey/jersey-bundle/1.5/jersey-bundle-1.5.jar:/space1/Sreekanth/.m2/repository/javax/ws/rs/jsr311-api/1.1.1/jsr311-api-1.1.1.jar:/space1/Sreekanth/.m2/repository/com/sun/jersey/contribs/jersey-multipart/1.5/jersey-multipart-1.5.jar:/space1/Sreekanth/.m2/repository/com/sun/jersey/jersey-core/1.5/jersey-core-1.5.jar:/space1/Sreekanth/.m2/repository/org/jvnet/mimepull/1.4/mimepull-1.4.jar:/space1/Sreekanth/.m2/repository/org/jboss/arquillian/protocol/arquillian-protocol-servlet/1.0.0.Alpha5/arquillian-protocol-servlet-1.0.0.Alpha5.jar:/space1/Sreekanth/.m2/repository/org/jboss/arquillian/testenricher/arquillian-testenricher-cdi/1.0.0.Alpha5/arquillian-testenricher-cdi-1.0.0.Alpha5.jar:/space1/Sreekanth/.m2/repository/org/jboss/arquillian/testenricher/arquillian-testenricher-ejb/1.0.0.Alpha5/arquillian-testenricher-ejb-1.0.0.Alpha5.jar:/space1/Sreekanth/.m2/repository/org/jboss/arquillian/testenricher/arquillian-testenricher-resource/1.0.0.Alpha5/arquillian-testenricher-resource-1.0.0.Alpha5.jar:/space1/Sreekanth/.m2/repository/org/glassfish/deployment/deployment-client/3.1/deployment-client-3.1.jar:/space1/Sreekanth/.m2/repository/org/glassfish/common/common-util/3.1/common-util-3.1.jar:/space1/Sreekanth/.m2/repository/com/sun/enterprise/hk2/1.1.0/hk2-1.1.0.jar:/space1/Sreekanth/.m2/repository/com/sun/enterprise/hk2-core/1.1.0/hk2-core-1.1.0.jar:/space1/Sreekanth/.m2/repository/org/glassfish/hk2/class-model/1.1.0/class-model-1.1.0.jar:/space1/Sreekanth/.m2/repository/com/sun/enterprise/config/1.1.0/config-1.1.0.jar:/space1/Sreekanth/.m2/repository/com/sun/enterprise/auto-depends/1.1.0/auto-depends-1.1.0.jar:/space1/Sreekanth/.m2/repository/org/glassfish/hk2/external/asm-all-repackaged/1.1.0/asm-all-repackaged-1.1.0.jar:/space1/Sreekanth/.m2/repository/org/jvnet/tiger-types/1.2/tiger-types-1.2.jar:/space1/Sreekanth/.m2/repository/org/glassfish/hk2/external/bean-validator/1.1.0/bean-validator-1.1.0.jar:/space1/Sreekanth/.m2/repository/com/googlecode/jtype/jtype/0.1.0/jtype-0.1.0.jar:/space1/Sreekanth/.m2/repository/org/glassfish/common/glassfish-api/3.1/glassfish-api-3.1.jar:/space1/Sreekanth/.m2/repository/org/glassfish/common/scattered-archive-api/3.1/scattered-archive-api-3.1.jar:/space1/Sreekanth/.m2/repository/com/sun/enterprise/config-types/1.1.0/config-types-1.1.0.jar:/space1/Sreekanth/.m2/repository/com/sun/grizzly/grizzly-utils/1.9.31/grizzly-utils-1.9.31.jar:/space1/Sreekanth/.m2/repository/com/sun/grizzly/grizzly-lzma/1.9.31/grizzly-lzma-1.9.31.jar:/space1/Sreekanth/.m2/repository/org/glassfish/external/management-api/3.1.0-b001/management-api-3.1.0-b001.jar:/space1/Sreekanth/.m2/repository/org/glassfish/admin/admin-cli/3.1/admin-cli-3.1.jar:/space1/Sreekanth/.m2/repository/org/glassfish/core/glassfish/3.1/glassfish-3.1.jar:/space1/Sreekanth/.m2/repository/org/glassfish/simple-glassfish-api/3.1/simple-glassfish-api-3.1.jar:/space1/Sreekanth/.m2/repository/org/glassfish/admin/admin-util/3.1/admin-util-3.1.jar:/space1/Sreekanth/.m2/repository/org/glassfish/admin/config-api/3.1/config-api-3.1.jar:/space1/Sreekanth/.m2/repository/com/sun/grizzly/grizzly-config/1.9.31/grizzly-config-1.9.31.jar:/space1/Sreekanth/.m2/repository/com/sun/enterprise/osgi-adapter/1.0.25/osgi-adapter-1.0.25.jar:/space1/Sreekanth/.m2/repository/com/sun/grizzly/grizzly-http/1.9.31/grizzly-http-1.9.31.jar:/space1/Sreekanth/.m2/repository/com/sun/grizzly/grizzly-framework/1.9.31/grizzly-framework-1.9.31.jar:/space1/Sreekanth/.m2/repository/com/sun/grizzly/grizzly-rcm/1.9.31/grizzly-rcm-1.9.31.jar:/space1/Sreekanth/.m2/repository/com/sun/grizzly/grizzly-portunif/1.9.31/grizzly-portunif-1.9.31.jar:/space1/Sreekanth/.m2/repository/org/glassfish/common/internal-api/3.1/internal-api-3.1.jar:/space1/Sreekanth/.m2/repository/org/glassfish/admin/launcher/3.1/launcher-3.1.jar:/space1/Sreekanth/.m2/repository/org/glassfish/branding/branding/3.1/branding-3.1.jar:/space1/Sreekanth/.m2/repository/org/glassfish/javax.enterprise.deploy/3.1/javax.enterprise.deploy-3.1.jar:/space1/Sreekanth/.m2/repository/org/glassfish/deployment/deployment-common/3.1/deployment-common-3.1.jar:/space1/Sreekanth/.m2/repository/org/glassfish/gmbal/gmbal/3.1.0-b001/gmbal-3.1.0-b001.jar:"/>
    <property name="java.specification.name" value="Java Platform API Specification"/>
    <property name="java.class.version" value="50.0"/>
    <property name="sun.management.compiler" value="HotSpot 64-Bit Server Compiler"/>
    <property name="os.version" value="2.6.35-28-generic"/>
    <property name="user.home" value="/home/sreekanth"/>
    <property name="user.timezone" value="Asia/Kolkata"/>
    <property name="java.awt.printerjob" value="sun.print.PSPrinterJob"/>
    <property name="file.encoding" value="UTF-8"/>
    <property name="java.specification.version" value="1.6"/>
    <property name="user.name" value="sreekanth"/>
    <property name="java.class.path" value="/space1/Sreekanth/EclipseWorkspace-CDI/weld-tests/Qualifiers/BasicQualifierTests/target/test-classes:/space1/Sreekanth/EclipseWorkspace-CDI/weld-tests/Qualifiers/BasicQualifierTests/target/classes:/space1/Sreekanth/.m2/repository/org/hibernate/hibernate-jpamodelgen/1.1.1.Final/hibernate-jpamodelgen-1.1.1.Final.jar:/space1/Sreekanth/.m2/repository/org/jboss/seam/solder/seam-solder/3.0.0.Final/seam-solder-3.0.0.Final.jar:/space1/Sreekanth/.m2/repository/org/jboss/weld/weld-api/1.1.Final/weld-api-1.1.Final.jar:/space1/Sreekanth/.m2/repository/javax/enterprise/cdi-api/1.0-SP3/cdi-api-1.0-SP3.jar:/space1/Sreekanth/.m2/repository/org/jboss/spec/javax/interceptor/jboss-interceptors-api_1.1_spec/1.0.0.Beta1/jboss-interceptors-api_1.1_spec-1.0.0.Beta1.jar:/space1/Sreekanth/.m2/repository/javax/annotation/jsr250-api/1.0/jsr250-api-1.0.jar:/space1/Sreekanth/.m2/repository/javax/inject/javax.inject/1/javax.inject-1.jar:/space1/Sreekanth/.m2/repository/org/hibernate/hibernate-validator/4.1.0.Final/hibernate-validator-4.1.0.Final.jar:/space1/Sreekanth/.m2/repository/javax/validation/validation-api/1.0.0.GA/validation-api-1.0.0.GA.jar:/space1/Sreekanth/.m2/repository/org/slf4j/slf4j-api/1.5.6/slf4j-api-1.5.6.jar:/space1/Sreekanth/.m2/repository/junit/junit/4.8.1/junit-4.8.1.jar:/space1/Sreekanth/.m2/repository/org/jboss/arquillian/arquillian-junit/1.0.0.Alpha5/arquillian-junit-1.0.0.Alpha5.jar:/space1/Sreekanth/.m2/repository/org/jboss/arquillian/arquillian-impl-base/1.0.0.Alpha5/arquillian-impl-base-1.0.0.Alpha5.jar:/space1/Sreekanth/.m2/repository/org/jboss/arquillian/arquillian-api/1.0.0.Alpha5/arquillian-api-1.0.0.Alpha5.jar:/space1/Sreekanth/.m2/repository/org/jboss/shrinkwrap/shrinkwrap-api/1.0.0-alpha-12/shrinkwrap-api-1.0.0-alpha-12.jar:/space1/Sreekanth/.m2/repository/org/jboss/shrinkwrap/descriptors/shrinkwrap-descriptors-api/0.1.4/shrinkwrap-descriptors-api-0.1.4.jar:/space1/Sreekanth/.m2/repository/org/jboss/arquillian/arquillian-spi/1.0.0.Alpha5/arquillian-spi-1.0.0.Alpha5.jar:/space1/Sreekanth/.m2/repository/org/jboss/shrinkwrap/shrinkwrap-impl-base/1.0.0-alpha-12/shrinkwrap-impl-base-1.0.0-alpha-12.jar:/space1/Sreekanth/.m2/repository/org/jboss/shrinkwrap/shrinkwrap-spi/1.0.0-alpha-12/shrinkwrap-spi-1.0.0-alpha-12.jar:/space1/Sreekanth/.m2/repository/org/jboss/shrinkwrap/resolver/shrinkwrap-resolver-api/1.0.0-alpha-12/shrinkwrap-resolver-api-1.0.0-alpha-12.jar:/space1/Sreekanth/.m2/repository/org/jboss/shrinkwrap/resolver/shrinkwrap-resolver-api-maven/1.0.0-alpha-12/shrinkwrap-resolver-api-maven-1.0.0-alpha-12.jar:/space1/Sreekanth/.m2/repository/org/jboss/shrinkwrap/resolver/shrinkwrap-resolver-impl-maven/1.0.0-alpha-12/shrinkwrap-resolver-impl-maven-1.0.0-alpha-12.jar:/space1/Sreekanth/.m2/repository/org/sonatype/aether/aether-api/1.8/aether-api-1.8.jar:/space1/Sreekanth/.m2/repository/org/sonatype/aether/aether-util/1.8/aether-util-1.8.jar:/space1/Sreekanth/.m2/repository/org/sonatype/aether/aether-connector-wagon/1.8/aether-connector-wagon-1.8.jar:/space1/Sreekanth/.m2/repository/org/sonatype/aether/aether-spi/1.8/aether-spi-1.8.jar:/space1/Sreekanth/.m2/repository/org/apache/maven/wagon/wagon-provider-api/1.0-beta-7/wagon-provider-api-1.0-beta-7.jar:/space1/Sreekanth/.m2/repository/org/codehaus/plexus/plexus-utils/2.0.4/plexus-utils-2.0.4.jar:/space1/Sreekanth/.m2/repository/org/codehaus/plexus/plexus-container-default/1.5.5/plexus-container-default-1.5.5.jar:/space1/Sreekanth/.m2/repository/org/codehaus/plexus/plexus-classworlds/2.2.2/plexus-classworlds-2.2.2.jar:/space1/Sreekanth/.m2/repository/org/apache/xbean/xbean-reflect/3.4/xbean-reflect-3.4.jar:/space1/Sreekanth/.m2/repository/log4j/log4j/1.2.12/log4j-1.2.12.jar:/space1/Sreekanth/.m2/repository/commons-logging/commons-logging-api/1.1/commons-logging-api-1.1.jar:/space1/Sreekanth/.m2/repository/com/google/collections/google-collections/1.0/google-collections-1.0.jar:/space1/Sreekanth/.m2/repository/org/apache/maven/maven-aether-provider/3.0.1/maven-aether-provider-3.0.1.jar:/space1/Sreekanth/.m2/repository/org/apache/maven/maven-model/3.0.1/maven-model-3.0.1.jar:/space1/Sreekanth/.m2/repository/org/apache/maven/maven-model-builder/3.0.1/maven-model-builder-3.0.1.jar:/space1/Sreekanth/.m2/repository/org/codehaus/plexus/plexus-interpolation/1.14/plexus-interpolation-1.14.jar:/space1/Sreekanth/.m2/repository/org/codehaus/plexus/plexus-component-annotations/1.5.5/plexus-component-annotations-1.5.5.jar:/space1/Sreekanth/.m2/repository/org/apache/maven/maven-repository-metadata/3.0.1/maven-repository-metadata-3.0.1.jar:/space1/Sreekanth/.m2/repository/org/sonatype/aether/aether-impl/1.8/aether-impl-1.8.jar:/space1/Sreekanth/.m2/repository/org/apache/maven/maven-settings-builder/3.0.1/maven-settings-builder-3.0.1.jar:/space1/Sreekanth/.m2/repository/org/apache/maven/maven-settings/3.0.1/maven-settings-3.0.1.jar:/space1/Sreekanth/.m2/repository/org/sonatype/plexus/plexus-sec-dispatcher/1.3/plexus-sec-dispatcher-1.3.jar:/space1/Sreekanth/.m2/repository/org/sonatype/plexus/plexus-cipher/1.4/plexus-cipher-1.4.jar:/space1/Sreekanth/.m2/repository/org/apache/maven/wagon/wagon-file/1.0-beta-7/wagon-file-1.0-beta-7.jar:/space1/Sreekanth/.m2/repository/org/apache/maven/wagon/wagon-http-lightweight/1.0-beta-7/wagon-http-lightweight-1.0-beta-7.jar:/space1/Sreekanth/.m2/repository/org/apache/maven/wagon/wagon-http-shared/1.0-beta-7/wagon-http-shared-1.0-beta-7.jar:/space1/Sreekanth/.m2/repository/commons-logging/commons-logging/1.1.1/commons-logging-1.1.1.jar:/space1/Sreekanth/.m2/repository/org/jboss/arquillian/container/arquillian-glassfish-remote-3.1/1.0.0.Alpha5/arquillian-glassfish-remote-3.1-1.0.0.Alpha5.jar:/space1/Sreekanth/.m2/repository/com/sun/jersey/jersey-bundle/1.5/jersey-bundle-1.5.jar:/space1/Sreekanth/.m2/repository/javax/ws/rs/jsr311-api/1.1.1/jsr311-api-1.1.1.jar:/space1/Sreekanth/.m2/repository/com/sun/jersey/contribs/jersey-multipart/1.5/jersey-multipart-1.5.jar:/space1/Sreekanth/.m2/repository/com/sun/jersey/jersey-core/1.5/jersey-core-1.5.jar:/space1/Sreekanth/.m2/repository/org/jvnet/mimepull/1.4/mimepull-1.4.jar:/space1/Sreekanth/.m2/repository/org/jboss/arquillian/protocol/arquillian-protocol-servlet/1.0.0.Alpha5/arquillian-protocol-servlet-1.0.0.Alpha5.jar:/space1/Sreekanth/.m2/repository/org/jboss/arquillian/testenricher/arquillian-testenricher-cdi/1.0.0.Alpha5/arquillian-testenricher-cdi-1.0.0.Alpha5.jar:/space1/Sreekanth/.m2/repository/org/jboss/arquillian/testenricher/arquillian-testenricher-ejb/1.0.0.Alpha5/arquillian-testenricher-ejb-1.0.0.Alpha5.jar:/space1/Sreekanth/.m2/repository/org/jboss/arquillian/testenricher/arquillian-testenricher-resource/1.0.0.Alpha5/arquillian-testenricher-resource-1.0.0.Alpha5.jar:/space1/Sreekanth/.m2/repository/org/glassfish/deployment/deployment-client/3.1/deployment-client-3.1.jar:/space1/Sreekanth/.m2/repository/org/glassfish/common/common-util/3.1/common-util-3.1.jar:/space1/Sreekanth/.m2/repository/com/sun/enterprise/hk2/1.1.0/hk2-1.1.0.jar:/space1/Sreekanth/.m2/repository/com/sun/enterprise/hk2-core/1.1.0/hk2-core-1.1.0.jar:/space1/Sreekanth/.m2/repository/org/glassfish/hk2/class-model/1.1.0/class-model-1.1.0.jar:/space1/Sreekanth/.m2/repository/com/sun/enterprise/config/1.1.0/config-1.1.0.jar:/space1/Sreekanth/.m2/repository/com/sun/enterprise/auto-depends/1.1.0/auto-depends-1.1.0.jar:/space1/Sreekanth/.m2/repository/org/glassfish/hk2/external/asm-all-repackaged/1.1.0/asm-all-repackaged-1.1.0.jar:/space1/Sreekanth/.m2/repository/org/jvnet/tiger-types/1.2/tiger-types-1.2.jar:/space1/Sreekanth/.m2/repository/org/glassfish/hk2/external/bean-validator/1.1.0/bean-validator-1.1.0.jar:/space1/Sreekanth/.m2/repository/com/googlecode/jtype/jtype/0.1.0/jtype-0.1.0.jar:/space1/Sreekanth/.m2/repository/org/glassfish/common/glassfish-api/3.1/glassfish-api-3.1.jar:/space1/Sreekanth/.m2/repository/org/glassfish/common/scattered-archive-api/3.1/scattered-archive-api-3.1.jar:/space1/Sreekanth/.m2/repository/com/sun/enterprise/config-types/1.1.0/config-types-1.1.0.jar:/space1/Sreekanth/.m2/repository/com/sun/grizzly/grizzly-utils/1.9.31/grizzly-utils-1.9.31.jar:/space1/Sreekanth/.m2/repository/com/sun/grizzly/grizzly-lzma/1.9.31/grizzly-lzma-1.9.31.jar:/space1/Sreekanth/.m2/repository/org/glassfish/external/management-api/3.1.0-b001/management-api-3.1.0-b001.jar:/space1/Sreekanth/.m2/repository/org/glassfish/admin/admin-cli/3.1/admin-cli-3.1.jar:/space1/Sreekanth/.m2/repository/org/glassfish/core/glassfish/3.1/glassfish-3.1.jar:/space1/Sreekanth/.m2/repository/org/glassfish/simple-glassfish-api/3.1/simple-glassfish-api-3.1.jar:/space1/Sreekanth/.m2/repository/org/glassfish/admin/admin-util/3.1/admin-util-3.1.jar:/space1/Sreekanth/.m2/repository/org/glassfish/admin/config-api/3.1/config-api-3.1.jar:/space1/Sreekanth/.m2/repository/com/sun/grizzly/grizzly-config/1.9.31/grizzly-config-1.9.31.jar:/space1/Sreekanth/.m2/repository/com/sun/enterprise/osgi-adapter/1.0.25/osgi-adapter-1.0.25.jar:/space1/Sreekanth/.m2/repository/com/sun/grizzly/grizzly-http/1.9.31/grizzly-http-1.9.31.jar:/space1/Sreekanth/.m2/repository/com/sun/grizzly/grizzly-framework/1.9.31/grizzly-framework-1.9.31.jar:/space1/Sreekanth/.m2/repository/com/sun/grizzly/grizzly-rcm/1.9.31/grizzly-rcm-1.9.31.jar:/space1/Sreekanth/.m2/repository/com/sun/grizzly/grizzly-portunif/1.9.31/grizzly-portunif-1.9.31.jar:/space1/Sreekanth/.m2/repository/org/glassfish/common/internal-api/3.1/internal-api-3.1.jar:/space1/Sreekanth/.m2/repository/org/glassfish/admin/launcher/3.1/launcher-3.1.jar:/space1/Sreekanth/.m2/repository/org/glassfish/branding/branding/3.1/branding-3.1.jar:/space1/Sreekanth/.m2/repository/org/glassfish/javax.enterprise.deploy/3.1/javax.enterprise.deploy-3.1.jar:/space1/Sreekanth/.m2/repository/org/glassfish/deployment/deployment-common/3.1/deployment-common-3.1.jar:/space1/Sreekanth/.m2/repository/org/glassfish/gmbal/gmbal/3.1.0-b001/gmbal-3.1.0-b001.jar:"/>
    <property name="java.vm.specification.version" value="1.0"/>
    <property name="sun.arch.data.model" value="64"/>
    <property name="java.home" value="/space/Sreekanth/java/jdk1.6.0_23/jre"/>
    <property name="java.specification.vendor" value="Sun Microsystems Inc."/>
    <property name="user.language" value="en"/>
    <property name="java.vm.info" value="mixed mode"/>
    <property name="java.version" value="1.6.0_23"/>
    <property name="java.ext.dirs" value="/space/Sreekanth/java/jdk1.6.0_23/jre/lib/ext:/usr/java/packages/lib/ext"/>
    <property name="sun.boot.class.path" value="/space/Sreekanth/java/jdk1.6.0_23/jre/lib/endorsed/webservices-api-osgi.jar:/space/Sreekanth/java/jdk1.6.0_23/jre/lib/endorsed/jaxb-api-osgi.jar:/space/Sreekanth/java/jdk1.6.0_23/jre/lib/endorsed/webservices-api.jar:/space/Sreekanth/java/jdk1.6.0_23/jre/lib/resources.jar:/space/Sreekanth/java/jdk1.6.0_23/jre/lib/rt.jar:/space/Sreekanth/java/jdk1.6.0_23/jre/lib/sunrsasign.jar:/space/Sreekanth/java/jdk1.6.0_23/jre/lib/jsse.jar:/space/Sreekanth/java/jdk1.6.0_23/jre/lib/jce.jar:/space/Sreekanth/java/jdk1.6.0_23/jre/lib/charsets.jar:/space/Sreekanth/java/jdk1.6.0_23/jre/lib/modules/jdk.boot.jar:/space/Sreekanth/java/jdk1.6.0_23/jre/classes"/>
    <property name="java.vendor" value="Sun Microsystems Inc."/>
    <property name="localRepository" value="/space1/Sreekanth/.m2/repository"/>
    <property name="file.separator" value="/"/>
    <property name="java.vendor.url.bug" value="http://java.sun.com/cgi-bin/bugreport.cgi"/>
    <property name="sun.cpu.endian" value="little"/>
    <property name="sun.io.unicode.encoding" value="UnicodeLittle"/>
    <property name="sun.desktop" value="gnome"/>
    <property name="sun.cpu.isalist" value=""/>
  </properties>
  <testcase time="0.376" classname="com.sun.weld.tests.BasicQualifierTests.QualifierTest" name="testSchoolQualifier"/>
  <testcase time="0.021" classname="com.sun.weld.tests.BasicQualifierTests.QualifierTest" name="testCollegeQualifier"/>
</testsuite>